Using pre-set license
Built from '2022.3/staging' branch; Version is '2022.3.19f1 (244b723c30a6) revision 2378610'; Using compiler version '192829333'; Build Type 'Release'
OS: 'Windows 11  (10.0.22631) 64bit Core' Language: 'fr' Physical Memory: 7886 MB
BatchMode: 1, IsHumanControllingUs: 0, StartBugReporterOnCrash: 0, Is64bit: 1, IsPro: 1

COMMAND LINE ARGUMENTS:
C:\Program Files\Unity\Hub\Editor\2022.3.19f1\Editor\Unity.exe
-adb2
-batchMode
-noUpm
-name
AssetImportWorker2
-projectPath
C:/Users/Yanis/OneDrive/Bureau/MMI/MMI S5-S6/Dispositifs interactifs (WR507D)/ExoTP1VR
-logFile
Logs/AssetImportWorker2.log
-srvPort
57089
Successfully changed project path to: C:/Users/Yanis/OneDrive/Bureau/MMI/MMI S5-S6/Dispositifs interactifs (WR507D)/ExoTP1VR
C:/Users/Yanis/OneDrive/Bureau/MMI/MMI S5-S6/Dispositifs interactifs (WR507D)/ExoTP1VR
[UnityMemory] Configuration Parameters - Can be set up in boot.config
    "memorysetup-bucket-allocator-granularity=16"
    "memorysetup-bucket-allocator-bucket-count=8"
    "memorysetup-bucket-allocator-block-size=33554432"
    "memorysetup-bucket-allocator-block-count=8"
    "memorysetup-main-allocator-block-size=16777216"
    "memorysetup-thread-allocator-block-size=16777216"
    "memorysetup-gfx-main-allocator-block-size=16777216"
    "memorysetup-gfx-thread-allocator-block-size=16777216"
    "memorysetup-cache-allocator-block-size=4194304"
    "memorysetup-typetree-allocator-block-size=2097152"
    "memorysetup-profiler-bucket-allocator-granularity=16"
    "memorysetup-profiler-bucket-allocator-bucket-count=8"
    "memorysetup-profiler-bucket-allocator-block-size=33554432"
    "memorysetup-profiler-bucket-allocator-block-count=8"
    "memorysetup-profiler-allocator-block-size=16777216"
    "memorysetup-profiler-editor-allocator-block-size=1048576"
    "memorysetup-temp-allocator-size-main=16777216"
    "memorysetup-job-temp-allocator-block-size=2097152"
    "memorysetup-job-temp-allocator-block-size-background=1048576"
    "memorysetup-job-temp-allocator-reduction-small-platforms=262144"
    "memorysetup-allocator-temp-initial-block-size-main=262144"
    "memorysetup-allocator-temp-initial-block-size-worker=262144"
    "memorysetup-temp-allocator-size-background-worker=32768"
    "memorysetup-temp-allocator-size-job-worker=262144"
    "memorysetup-temp-allocator-size-preload-manager=33554432"
    "memorysetup-temp-allocator-size-nav-mesh-worker=65536"
    "memorysetup-temp-allocator-size-audio-worker=65536"
    "memorysetup-temp-allocator-size-cloud-worker=32768"
    "memorysetup-temp-allocator-size-gi-baking-worker=262144"
    "memorysetup-temp-allocator-size-gfx=262144"
Player connection [20904] Host "[IP] 172.17.224.1 [Port] 0 [Flags] 2 [Guid] 888040537 [EditorId] 888040537 [Version] 1048832 [Id] WindowsEditor(7,LAPTOP-MOIRDAFG) [Debug] 1 [PackageName] WindowsEditor [ProjectName] Editor" joined multi-casting on [225.0.0.222:54997]...

Player connection [20904] Host "[IP] 172.17.224.1 [Port] 0 [Flags] 2 [Guid] 888040537 [EditorId] 888040537 [Version] 1048832 [Id] WindowsEditor(7,LAPTOP-MOIRDAFG) [Debug] 1 [PackageName] WindowsEditor [ProjectName] Editor" joined alternative multi-casting on [225.0.0.222:34997]...

[Physics::Module] Initialized MultithreadedJobDispatcher with 3 workers.
Refreshing native plugins compatible for Editor in 1040.17 ms, found 13 plugins.
Preloading 1 native plugins for Editor in 151.14 ms.
Initialize engine version: 2022.3.19f1 (244b723c30a6)
[Subsystems] Discovering subsystems at path C:/Program Files/Unity/Hub/Editor/2022.3.19f1/Editor/Data/Resources/UnitySubsystems
[Subsystems] Discovering subsystems at path C:/Users/Yanis/OneDrive/Bureau/MMI/MMI S5-S6/Dispositifs interactifs (WR507D)/ExoTP1VR/Assets
GfxDevice: creating device client; threaded=0; jobified=0
Direct3D:
    Version:  Direct3D 11.0 [level 11.1]
    Renderer: Intel(R) UHD Graphics (ID=0x9a78)
    Vendor:   Intel
    VRAM:     3943 MB
    Driver:   31.0.101.4255
Initialize mono
Mono path[0] = 'C:/Program Files/Unity/Hub/Editor/2022.3.19f1/Editor/Data/Managed'
Mono path[1] = 'C:/Program Files/Unity/Hub/Editor/2022.3.19f1/Editor/Data/MonoBleedingEdge/lib/mono/unityjit-win32'
Mono config path = 'C:/Program Files/Unity/Hub/Editor/2022.3.19f1/Editor/Data/MonoBleedingEdge/etc'
Using monoOptions --debugger-agent=transport=dt_socket,embedding=1,server=y,suspend=n,address=127.0.0.1:56600
Begin MonoManager ReloadAssembly
Registering precompiled unity dll's ...
Register platform support module: C:/Program Files/Unity/Hub/Editor/2022.3.19f1/Editor/Data/PlaybackEngines/WebGLSupport/UnityEditor.WebGL.Extensions.dll
Register platform support module: C:/Program Files/Unity/Hub/Editor/2022.3.19f1/Editor/Data/PlaybackEngines/MacStandaloneSupport/UnityEditor.OSXStandalone.Extensions.dll
Register platform support module: C:/Program Files/Unity/Hub/Editor/2022.3.19f1/Editor/Data/PlaybackEngines/AndroidPlayer/UnityEditor.Android.Extensions.dll
Register platform support module: C:/Program Files/Unity/Hub/Editor/2022.3.19f1/Editor/Data/PlaybackEngines/WindowsStandaloneSupport/UnityEditor.WindowsStandalone.Extensions.dll
Registered in 1.542355 seconds.
- Loaded All Assemblies, in 16.582 seconds
Native extension for WindowsStandalone target not found
Native extension for Android target not found
Android Extension - Scanning For ADB Devices 6763 ms
Native extension for OSXStandalone target not found
Native extension for WebGL target not found
Mono: successfully reloaded assembly
- Finished resetting the current domain, in 13.420 seconds
Domain Reload Profiling: 29895ms
	BeginReloadAssembly (2210ms)
		ExecutionOrderSort (0ms)
		DisableScriptedObjects (0ms)
		BackupInstance (0ms)
		ReleaseScriptingObjects (0ms)
		CreateAndSetChildDomain (6ms)
	RebuildCommonClasses (143ms)
	RebuildNativeTypeToScriptingClass (50ms)
	initialDomainReloadingComplete (2615ms)
	LoadAllAssembliesAndSetupDomain (11453ms)
		LoadAssemblies (2546ms)
		RebuildTransferFunctionScriptingTraits (0ms)
		AnalyzeDomain (10997ms)
			TypeCache.Refresh (10978ms)
				TypeCache.ScanAssembly (10645ms)
			ScanForSourceGeneratedMonoScriptInfo (4ms)
			ResolveRequiredComponents (3ms)
	FinalizeReload (13424ms)
		ReleaseScriptCaches (0ms)
		RebuildScriptCaches (0ms)
		SetupLoadedEditorAssemblies (12324ms)
			LogAssemblyErrors (0ms)
			InitializePlatformSupportModulesInManaged (8929ms)
			SetLoadedEditorAssemblies (34ms)
			RefreshPlugins (0ms)
			BeforeProcessingInitializeOnLoad (16ms)
			ProcessInitializeOnLoadAttributes (2369ms)
			ProcessInitializeOnLoadMethodAttributes (973ms)
			AfterProcessingInitializeOnLoad (0ms)
			EditorAssembliesLoaded (3ms)
		ExecutionOrderSort2 (0ms)
		AwakeInstancesAfterBackupRestoration (0ms)
========================================================================
Worker process is ready to serve import requests
Begin MonoManager ReloadAssembly
- Loaded All Assemblies, in 24.580 seconds
Refreshing native plugins compatible for Editor in 621.08 ms, found 13 plugins.
Native extension for WindowsStandalone target not found
Native extension for Android target not found
Native extension for OSXStandalone target not found
Native extension for WebGL target not found
Package Manager log level set to [2]
[Package Manager] Server::EnsureServerProcessIsRunning -- launch failed, reason: Unity was launched with the -noUpm command-line argument
[Package Manager] UpmClient::Send -- Unable to send message (not connected to UPM process).
[Package Manager] Cannot connect to Unity Package Manager local server
[Package Manager] Server::EnsureServerProcessIsRunning -- launch failed, reason: Unity was launched with the -noUpm command-line argument
[Package Manager] UpmClient::Send -- Unable to send message (not connected to UPM process).
[Package Manager] Cannot connect to Unity Package Manager local server
System.Reflection.TargetInvocationException: Exception has been thrown by the target of an invocation. ---> System.NullReferenceException: Object reference not set to an instance of an object
  at Unity.XR.Oculus.OculusLoader.AssetPathToAbsolutePath (System.String assetPath) [0x0003d] in .\Library\PackageCache\com.unity.xr.oculus@4.2.0\Runtime\OculusLoader.cs:298 
  at Unity.XR.Oculus.OculusLoader.EditorLoadOVRPlugin () [0x0008c] in .\Library\PackageCache\com.unity.xr.oculus@4.2.0\Runtime\OculusLoader.cs:283 
  at (wrapper managed-to-native) System.Reflection.RuntimeMethodInfo.InternalInvoke(System.Reflection.RuntimeMethodInfo,object,object[],System.Exception&)
  at System.Reflection.RuntimeMethodInfo.Invoke (System.Object obj, System.Reflection.BindingFlags invokeAttr, System.Reflection.Binder binder, System.Object[] parameters, System.Globalization.CultureInfo culture) [0x0006a] in <bfbc89a04b6b4dd49c3614d03fc31ce8>:0 
   --- End of inner exception stack trace ---
  at System.Reflection.RuntimeMethodInfo.Invoke (System.Object obj, System.Reflection.BindingFlags invokeAttr, System.Reflection.Binder binder, System.Object[] parameters, System.Globalization.CultureInfo culture) [0x00083] in <bfbc89a04b6b4dd49c3614d03fc31ce8>:0 
  at System.Reflection.MethodBase.Invoke (System.Object obj, System.Object[] parameters) [0x00000] in <bfbc89a04b6b4dd49c3614d03fc31ce8>:0 
  at UnityEditor.EditorAssemblies.ProcessInitializeOnLoadMethodAttributes () [0x000a5] in <2acbecbc299e4654adc94df891af51f2>:0 
UnityEngine.StackTraceUtility:ExtractStackTrace ()
UnityEngine.DebugLogHandler:LogFormat (UnityEngine.LogType,UnityEngine.Object,string,object[])
UnityEngine.Logger:Log (UnityEngine.LogType,object)
UnityEngine.Debug:LogError (object)
UnityEditor.EditorAssemblies:ProcessInitializeOnLoadMethodAttributes ()

Mono: successfully reloaded assembly
[Package Manager] Server::EnsureServerProcessIsRunning -- launch failed, reason: Unity was launched with the -noUpm command-line argument
[Package Manager] UpmClient::Send -- Unable to send message (not connected to UPM process).
[Package Manager] Cannot connect to Unity Package Manager local server
[Package Manager] Server::EnsureServerProcessIsRunning -- launch failed, reason: Unity was launched with the -noUpm command-line argument
[Package Manager] UpmClient::Send -- Unable to send message (not connected to UPM process).
[Package Manager] Cannot connect to Unity Package Manager local server
- Finished resetting the current domain, in 19.236 seconds
Domain Reload Profiling: 43898ms
	BeginReloadAssembly (5382ms)
		ExecutionOrderSort (0ms)
		DisableScriptedObjects (222ms)
		BackupInstance (0ms)
		ReleaseScriptingObjects (9ms)
		CreateAndSetChildDomain (567ms)
	RebuildCommonClasses (767ms)
	RebuildNativeTypeToScriptingClass (180ms)
	initialDomainReloadingComplete (2114ms)
	LoadAllAssembliesAndSetupDomain (16179ms)
		LoadAssemblies (10833ms)
		RebuildTransferFunctionScriptingTraits (0ms)
		AnalyzeDomain (7006ms)
			TypeCache.Refresh (6149ms)
				TypeCache.ScanAssembly (4989ms)
			ScanForSourceGeneratedMonoScriptInfo (553ms)
			ResolveRequiredComponents (284ms)
	FinalizeReload (19276ms)
		ReleaseScriptCaches (0ms)
		RebuildScriptCaches (0ms)
		SetupLoadedEditorAssemblies (14631ms)
			LogAssemblyErrors (0ms)
			InitializePlatformSupportModulesInManaged (574ms)
			SetLoadedEditorAssemblies (53ms)
			RefreshPlugins (0ms)
			BeforeProcessingInitializeOnLoad (1367ms)
			ProcessInitializeOnLoadAttributes (9918ms)
			ProcessInitializeOnLoadMethodAttributes (2659ms)
			AfterProcessingInitializeOnLoad (57ms)
			EditorAssembliesLoaded (3ms)
		ExecutionOrderSort2 (0ms)
		AwakeInstancesAfterBackupRestoration (141ms)
Launched and connected shader compiler UnityShaderCompiler.exe after 0.68 seconds
Refreshing native plugins compatible for Editor in 1790.63 ms, found 13 plugins.
Preloading 1 native plugins for Editor in 9.07 ms.
Unloading 6237 Unused Serialized files (Serialized files now loaded: 0)
Unloading 113 unused Assets / (409.3 KB). Loaded Objects now: 6709.
Memory consumption went from 242.3 MB to 241.9 MB.
Total: 33.232600 ms (FindLiveObjects: 2.651800 ms CreateObjectMapping: 0.652000 ms MarkObjects: 28.157900 ms  DeleteObjects: 1.767200 ms)

AssetImportParameters requested are different than current active one (requested -> active):
  custom:container-demuxer-ogg: 62fdf1f143b41e24485cea50d1cbac27 -> 
  custom:video-decoder-ogg-theora: a1e56fd34408186e4bbccfd4996cb3dc -> 
  custom:framework-win-MediaFoundation: 216162199b28c13a410421893ffa2e32 -> 
  custom:CustomObjectIndexerAttribute: 62b5816608c3102f162a1797e29626cf -> 
  custom:container-demuxer-webm: 4f35f7cbe854078d1ac9338744f61a02 -> 
  custom:container-muxer-webm: aa71ff27fc2769a1b78a27578f13a17b -> 
  custom:video-decoder-webm-vp8: 9c59270c3fd7afecdb556c50c9e8de78 -> 
  custom:SearchIndexIgnoredProperties: e643bd26f0fe6173181afceb89e7c659 -> 
  custom:AudioImporter_EditorPlatform: d09bf68614088b80899f8185d706f6e7 -> 
  custom:video-encoder-webm-vp8: eb34c28f22e8b96e1ab97ce403110664 -> 
  custom:audio-decoder-ogg-vorbis: bf7c407c2cedff20999df2af8eb42d56 -> 
  custom:audio-encoder-webm-vorbis: bf7c407c2cedff20999df2af8eb42d56 -> 
========================================================================
Received Import Request.
  Time since last request: 4593.720802 seconds.
  path: Assets/Scenes/ProjetFinal/Lightmap-12_comp_light.exr
  artifactKey: Guid(3e4310277584614468c6eb1fec5d4bcd) Importer(815301076,1909f56bfc062723c751e8b465ee728b)
Start importing Assets/Scenes/ProjetFinal/Lightmap-12_comp_light.exr using Guid(3e4310277584614468c6eb1fec5d4bcd) Importer(815301076,1909f56bfc062723c751e8b465ee728b)  -> (artifact id: '5b7eb8e79cde51250be24fe22e333338') in 17.540548 seconds
Number of updated asset objects reloaded before import = 0
Number of asset objects unloaded after import = 2
========================================================================
Received Import Request.
  Time since last request: 0.016396 seconds.
  path: Assets/Scenes/ProjetFinal/Lightmap-9_comp_dir.png
  artifactKey: Guid(695ef2da45d0fb649a6e08c8baf68ce5) Importer(815301076,1909f56bfc062723c751e8b465ee728b)
Start importing Assets/Scenes/ProjetFinal/Lightmap-9_comp_dir.png using Guid(695ef2da45d0fb649a6e08c8baf68ce5) Importer(815301076,1909f56bfc062723c751e8b465ee728b)  -> (artifact id: 'd9af7664d96ed366a61ffa4fffc41efa') in 0.479733 seconds
Number of updated asset objects reloaded before import = 0
Number of asset objects unloaded after import = 2
========================================================================
Received Import Request.
  Time since last request: 0.026186 seconds.
  path: Assets/Scenes/ProjetFinal/Lightmap-7_comp_dir.png
  artifactKey: Guid(b8cf3d3cd031eb34ea28ad882d43e109) Importer(815301076,1909f56bfc062723c751e8b465ee728b)
Start importing Assets/Scenes/ProjetFinal/Lightmap-7_comp_dir.png using Guid(b8cf3d3cd031eb34ea28ad882d43e109) Importer(815301076,1909f56bfc062723c751e8b465ee728b)  -> (artifact id: '420ea6d991638a860fc514549f37c53d') in 0.480432 seconds
Number of updated asset objects reloaded before import = 0
Number of asset objects unloaded after import = 2
========================================================================
Received Prepare
Refreshing native plugins compatible for Editor in 97.55 ms, found 13 plugins.
Preloading 1 native plugins for Editor in 0.92 ms.
Unloading 2 Unused Serialized files (Serialized files now loaded: 0)
Unloading 2 unused Assets / (329.1 KB). Loaded Objects now: 6714.
Memory consumption went from 117.5 MB to 117.2 MB.
Total: 283.845400 ms (FindLiveObjects: 14.913600 ms CreateObjectMapping: 0.990000 ms MarkObjects: 267.229900 ms  DeleteObjects: 0.689600 ms)

Prepare: number of updated asset objects reloaded= 0
AssetImportParameters requested are different than current active one (requested -> active):
  custom:container-demuxer-ogg: 62fdf1f143b41e24485cea50d1cbac27 -> 
  custom:video-decoder-ogg-theora: a1e56fd34408186e4bbccfd4996cb3dc -> 
  custom:framework-win-MediaFoundation: 216162199b28c13a410421893ffa2e32 -> 
  custom:CustomObjectIndexerAttribute: 62b5816608c3102f162a1797e29626cf -> 
  custom:container-demuxer-webm: 4f35f7cbe854078d1ac9338744f61a02 -> 
  custom:container-muxer-webm: aa71ff27fc2769a1b78a27578f13a17b -> 
  custom:video-decoder-webm-vp8: 9c59270c3fd7afecdb556c50c9e8de78 -> 
  custom:SearchIndexIgnoredProperties: e643bd26f0fe6173181afceb89e7c659 -> 
  custom:AudioImporter_EditorPlatform: d09bf68614088b80899f8185d706f6e7 -> 
  custom:video-encoder-webm-vp8: eb34c28f22e8b96e1ab97ce403110664 -> 
  custom:audio-decoder-ogg-vorbis: bf7c407c2cedff20999df2af8eb42d56 -> 
  custom:audio-encoder-webm-vorbis: bf7c407c2cedff20999df2af8eb42d56 -> 
========================================================================
Received Import Request.
  Time since last request: 1386.391952 seconds.
  path: Assets/Models/Structure/H006_V5.fbx
  artifactKey: Guid(90491c7f83186df4785200b92c0db887) Importer(815301076,1909f56bfc062723c751e8b465ee728b)
Start importing Assets/Models/Structure/H006_V5.fbx using Guid(90491c7f83186df4785200b92c0db887) Importer(815301076,1909f56bfc062723c751e8b465ee728b)  -> (artifact id: '9b468dd14cf45deb6f5fcf86161edcba') in 40.643979 seconds
Number of updated asset objects reloaded before import = 0
Number of asset objects unloaded after import = 1496
========================================================================
Received Import Request.
  Time since last request: 111.167259 seconds.
  path: Assets/Materials/light
  artifactKey: Guid(1ee3cf21623ba754783341b0eb1db4e3) Importer(815301076,1909f56bfc062723c751e8b465ee728b)
Start importing Assets/Materials/light using Guid(1ee3cf21623ba754783341b0eb1db4e3) Importer(815301076,1909f56bfc062723c751e8b465ee728b)  -> (artifact id: '32d6986a6abdd44f8a7162aed6564289') in 0.032175 seconds
Number of updated asset objects reloaded before import = 0
Number of asset objects unloaded after import = 0
========================================================================
Received Import Request.
  Time since last request: 1.377885 seconds.
  path: Assets/Materials/light/textures
  artifactKey: Guid(73d9780668fb6634fb94cb3f2e8aef65) Importer(815301076,1909f56bfc062723c751e8b465ee728b)
Start importing Assets/Materials/light/textures using Guid(73d9780668fb6634fb94cb3f2e8aef65) Importer(815301076,1909f56bfc062723c751e8b465ee728b)  -> (artifact id: 'a336cf811a20d8d927232aff277b34ed') in 0.004286 seconds
Number of updated asset objects reloaded before import = 0
Number of asset objects unloaded after import = 0
========================================================================
Received Import Request.
  Time since last request: 0.040328 seconds.
  path: Assets/Materials/light/textures/haging light_hanging light_AlbedoTransparency.png
  artifactKey: Guid(2082b9d8de936574d9322cd1c0c782e4) Importer(815301076,1909f56bfc062723c751e8b465ee728b)
Start importing Assets/Materials/light/textures/haging light_hanging light_AlbedoTransparency.png using Guid(2082b9d8de936574d9322cd1c0c782e4) Importer(815301076,1909f56bfc062723c751e8b465ee728b)  -> (artifact id: 'd0aba21a5d9f5b5bee84d5112054ce12') in 0.856051 seconds
Number of updated asset objects reloaded before import = 0
Number of asset objects unloaded after import = 2
========================================================================
Received Import Request.
  Time since last request: 0.002419 seconds.
  path: Assets/Materials/light/textures/haging light_hanging light_Normal.png
  artifactKey: Guid(74efecac1cda3f64885bc5de9de2533a) Importer(815301076,1909f56bfc062723c751e8b465ee728b)
Start importing Assets/Materials/light/textures/haging light_hanging light_Normal.png using Guid(74efecac1cda3f64885bc5de9de2533a) Importer(815301076,1909f56bfc062723c751e8b465ee728b)  -> (artifact id: '4ba24dce5d1cb42fd910b6b0fb043268') in 0.577941 seconds
Number of updated asset objects reloaded before import = 0
Number of asset objects unloaded after import = 2
========================================================================
Received Import Request.
  Time since last request: 0.000038 seconds.
  path: Assets/Materials/light/textures/haging light_hanging light_MetallicSmoothness.png
  artifactKey: Guid(0651eef65f0b89f4288d76b026412f45) Importer(815301076,1909f56bfc062723c751e8b465ee728b)
Start importing Assets/Materials/light/textures/haging light_hanging light_MetallicSmoothness.png using Guid(0651eef65f0b89f4288d76b026412f45) Importer(815301076,1909f56bfc062723c751e8b465ee728b)  -> (artifact id: '7f36ea353d5395ed7cbed9fe00a3c5b3') in 0.568814 seconds
Number of updated asset objects reloaded before import = 0
Number of asset objects unloaded after import = 2
========================================================================
Received Import Request.
  Time since last request: 2.708715 seconds.
  path: Assets/Materials/light/source
  artifactKey: Guid(8961acc22c6a1fa43bc5ac0de644257d) Importer(815301076,1909f56bfc062723c751e8b465ee728b)
Start importing Assets/Materials/light/source using Guid(8961acc22c6a1fa43bc5ac0de644257d) Importer(815301076,1909f56bfc062723c751e8b465ee728b)  -> (artifact id: '4cde6a8b0f95fad0cef3d92a3e3413a3') in 0.030254 seconds
Number of updated asset objects reloaded before import = 0
Number of asset objects unloaded after import = 0
========================================================================
Received Import Request.
  Time since last request: 213.916685 seconds.
  path: Assets/Materials/light/Materials
  artifactKey: Guid(6bcf63829125c4145908e0b305550fd1) Importer(815301076,1909f56bfc062723c751e8b465ee728b)
Start importing Assets/Materials/light/Materials using Guid(6bcf63829125c4145908e0b305550fd1) Importer(815301076,1909f56bfc062723c751e8b465ee728b)  -> (artifact id: 'b5fdf94e04323f705c1d3dcf80dfa4e7') in 0.004143 seconds
Number of updated asset objects reloaded before import = 0
Number of asset objects unloaded after import = 0
========================================================================
Received Import Request.
  Time since last request: 0.021032 seconds.
  path: Assets/Materials/light/Materials/haging light_hanging light_Emission.mat
  artifactKey: Guid(11953533c70cec141a7804cd10edf2a2) Importer(815301076,1909f56bfc062723c751e8b465ee728b)
Start importing Assets/Materials/light/Materials/haging light_hanging light_Emission.mat using Guid(11953533c70cec141a7804cd10edf2a2) Importer(815301076,1909f56bfc062723c751e8b465ee728b)  -> (artifact id: 'e52c2e55075b515eaba2a1649795545a') in 0.236543 seconds
Number of updated asset objects reloaded before import = 0
Number of asset objects unloaded after import = 3
========================================================================
Received Import Request.
  Time since last request: 283.121660 seconds.
  path: Assets/Materials/light/Materials/haging light_hanging light_AlbedoTransparency.mat
  artifactKey: Guid(943d52aafddcaf541b43123108b4ed4c) Importer(815301076,1909f56bfc062723c751e8b465ee728b)
Start importing Assets/Materials/light/Materials/haging light_hanging light_AlbedoTransparency.mat using Guid(943d52aafddcaf541b43123108b4ed4c) Importer(815301076,1909f56bfc062723c751e8b465ee728b)  -> (artifact id: '88dde1339369a7cbd8427b799dfeb645') in 0.864032 seconds
Number of updated asset objects reloaded before import = 0
Number of asset objects unloaded after import = 3
========================================================================
Received Import Request.
  Time since last request: 5838.281391 seconds.
  path: Assets/Scenes/ProjetFinal/LightingData.asset
  artifactKey: Guid(954dedb1f76c55046a67530004e856db) Importer(815301076,1909f56bfc062723c751e8b465ee728b)
Start importing Assets/Scenes/ProjetFinal/LightingData.asset using Guid(954dedb1f76c55046a67530004e856db) Importer(815301076,1909f56bfc062723c751e8b465ee728b)  -> (artifact id: '2214babec6e4c08c6d8dc128c4669c69') in 7.007668 seconds
Number of updated asset objects reloaded before import = 0
Number of asset objects unloaded after import = 1
========================================================================
Received Import Request.
  Time since last request: 0.002647 seconds.
  path: Assets/Scenes/ProjetFinal/Lightmap-11_comp_dir.png
  artifactKey: Guid(94da13d7161b9294989295d61b60387f) Importer(815301076,1909f56bfc062723c751e8b465ee728b)
Start importing Assets/Scenes/ProjetFinal/Lightmap-11_comp_dir.png using Guid(94da13d7161b9294989295d61b60387f) Importer(815301076,1909f56bfc062723c751e8b465ee728b)  -> (artifact id: '163ebdcb056ffba56fc59b901458578b') in 15.268384 seconds
Number of updated asset objects reloaded before import = 0
Number of asset objects unloaded after import = 2
========================================================================
Received Import Request.
  Time since last request: 0.009110 seconds.
  path: Assets/Scenes/ProjetFinal/Lightmap-0_comp_light.exr
  artifactKey: Guid(516e63d19a5a50d4faddb6f25e8fef51) Importer(815301076,1909f56bfc062723c751e8b465ee728b)
Start importing Assets/Scenes/ProjetFinal/Lightmap-0_comp_light.exr using Guid(516e63d19a5a50d4faddb6f25e8fef51) Importer(815301076,1909f56bfc062723c751e8b465ee728b)  -> (artifact id: 'a0fa089f27309861ccfe74707a4f7d68') in 8.191652 seconds
Number of updated asset objects reloaded before import = 0
Number of asset objects unloaded after import = 2
========================================================================
Received Import Request.
  Time since last request: 0.192588 seconds.
  path: Assets/Scenes/ProjetFinal/Lightmap-2_comp_light.exr
  artifactKey: Guid(577cf16e74a1bad4eaf521ba741c0e7d) Importer(815301076,1909f56bfc062723c751e8b465ee728b)
Start importing Assets/Scenes/ProjetFinal/Lightmap-2_comp_light.exr using Guid(577cf16e74a1bad4eaf521ba741c0e7d) Importer(815301076,1909f56bfc062723c751e8b465ee728b)  -> (artifact id: '2eed0a310f758e31bae3f7f38ffb8cc7') in 10.112089 seconds
Number of updated asset objects reloaded before import = 0
Number of asset objects unloaded after import = 2
========================================================================
Received Import Request.
  Time since last request: 1.369491 seconds.
  path: Assets/Scenes/ProjetFinal/Lightmap-1_comp_light.exr
  artifactKey: Guid(9ede092a7faa5344582a753ebfba18b0) Importer(815301076,1909f56bfc062723c751e8b465ee728b)
Start importing Assets/Scenes/ProjetFinal/Lightmap-1_comp_light.exr using Guid(9ede092a7faa5344582a753ebfba18b0) Importer(815301076,1909f56bfc062723c751e8b465ee728b)  -> (artifact id: '1dbd9f3f7941837ee7912d39df7b9a3c') in 8.418782 seconds
Number of updated asset objects reloaded before import = 0
Number of asset objects unloaded after import = 2
========================================================================
Received Import Request.
  Time since last request: 0.565595 seconds.
  path: Assets/Scenes/ProjetFinal/Lightmap-8_comp_light.exr
  artifactKey: Guid(83d9b2ee7d58cda4db1dcfe66deeb0cb) Importer(815301076,1909f56bfc062723c751e8b465ee728b)
Start importing Assets/Scenes/ProjetFinal/Lightmap-8_comp_light.exr using Guid(83d9b2ee7d58cda4db1dcfe66deeb0cb) Importer(815301076,1909f56bfc062723c751e8b465ee728b)  -> (artifact id: '88830f21370f199958ea69b101cc5ea7') in 11.722477 seconds
Number of updated asset objects reloaded before import = 0
Number of asset objects unloaded after import = 2
========================================================================
Received Import Request.
  Time since last request: 0.105130 seconds.
  path: Assets/Scenes/ProjetFinal/Lightmap-10_comp_dir.png
  artifactKey: Guid(a683b797bd84f424b9c6dd1c702daf80) Importer(815301076,1909f56bfc062723c751e8b465ee728b)
Start importing Assets/Scenes/ProjetFinal/Lightmap-10_comp_dir.png using Guid(a683b797bd84f424b9c6dd1c702daf80) Importer(815301076,1909f56bfc062723c751e8b465ee728b)  -> (artifact id: '320d733701b32374b3bd5346c06a6db8') in 11.050759 seconds
Number of updated asset objects reloaded before import = 0
Number of asset objects unloaded after import = 2
========================================================================
Received Import Request.
  Time since last request: 1.276962 seconds.
  path: Assets/Scenes/ProjetFinal/Lightmap-12_comp_light.exr
  artifactKey: Guid(3e4310277584614468c6eb1fec5d4bcd) Importer(815301076,1909f56bfc062723c751e8b465ee728b)
Start importing Assets/Scenes/ProjetFinal/Lightmap-12_comp_light.exr using Guid(3e4310277584614468c6eb1fec5d4bcd) Importer(815301076,1909f56bfc062723c751e8b465ee728b)  -> (artifact id: '6518c1c1ad6c456a854713c0ecdbc709') in 19.795054 seconds
Number of updated asset objects reloaded before import = 0
Number of asset objects unloaded after import = 2
========================================================================
Received Import Request.
  Time since last request: 3.228298 seconds.
  path: Assets/Scenes/ProjetFinal/Lightmap-3_comp_light.exr
  artifactKey: Guid(1b5a6ba9fdb08d8499c961c4776ad57d) Importer(815301076,1909f56bfc062723c751e8b465ee728b)
Start importing Assets/Scenes/ProjetFinal/Lightmap-3_comp_light.exr using Guid(1b5a6ba9fdb08d8499c961c4776ad57d) Importer(815301076,1909f56bfc062723c751e8b465ee728b)  -> (artifact id: '7113ae1012d93570981a88a0d6e68d2c') in 6.499424 seconds
Number of updated asset objects reloaded before import = 0
Number of asset objects unloaded after import = 2
========================================================================
Received Import Request.
  Time since last request: 0.062835 seconds.
  path: Assets/Scenes/ProjetFinal/Lightmap-5_comp_dir.png
  artifactKey: Guid(a4ffdd4645c3823478fad8f4cb2b22df) Importer(815301076,1909f56bfc062723c751e8b465ee728b)
Start importing Assets/Scenes/ProjetFinal/Lightmap-5_comp_dir.png using Guid(a4ffdd4645c3823478fad8f4cb2b22df) Importer(815301076,1909f56bfc062723c751e8b465ee728b)  -> (artifact id: '90c6ada77eae6946bd5c4fdc2d33e2cc') in 3.737249 seconds
Number of updated asset objects reloaded before import = 0
Number of asset objects unloaded after import = 2
========================================================================
Received Import Request.
  Time since last request: 0.000767 seconds.
  path: Assets/Scenes/ProjetFinal/Lightmap-6_comp_dir.png
  artifactKey: Guid(ece66413591d7744181635c1e6fbad01) Importer(815301076,1909f56bfc062723c751e8b465ee728b)
Start importing Assets/Scenes/ProjetFinal/Lightmap-6_comp_dir.png using Guid(ece66413591d7744181635c1e6fbad01) Importer(815301076,1909f56bfc062723c751e8b465ee728b)  -> (artifact id: 'c22b878ebaee2c7022b066742d5c4b4f') in 0.185548 seconds
Number of updated asset objects reloaded before import = 0
Number of asset objects unloaded after import = 2
========================================================================
Received Import Request.
  Time since last request: 0.003879 seconds.
  path: Assets/Scenes/ProjetFinal/Lightmap-2_comp_dir.png
  artifactKey: Guid(4dad4a66ce0b0ba4cb3fc4e2ad15437b) Importer(815301076,1909f56bfc062723c751e8b465ee728b)
Start importing Assets/Scenes/ProjetFinal/Lightmap-2_comp_dir.png using Guid(4dad4a66ce0b0ba4cb3fc4e2ad15437b) Importer(815301076,1909f56bfc062723c751e8b465ee728b)  -> (artifact id: 'ec95da72cdb4229d0f99d9d3a3bbda2e') in 0.381366 seconds
Number of updated asset objects reloaded before import = 0
Number of asset objects unloaded after import = 2
========================================================================
Received Import Request.
  Time since last request: 0.000987 seconds.
  path: Assets/Scenes/ProjetFinal/Lightmap-9_comp_light.exr
  artifactKey: Guid(26c7b5448ec39ae478e7e81515da2a14) Importer(815301076,1909f56bfc062723c751e8b465ee728b)
Start importing Assets/Scenes/ProjetFinal/Lightmap-9_comp_light.exr using Guid(26c7b5448ec39ae478e7e81515da2a14) Importer(815301076,1909f56bfc062723c751e8b465ee728b)  -> (artifact id: 'dd5ff59dee15764a4e1fd224468ddcaf') in 1.939867 seconds
Number of updated asset objects reloaded before import = 0
Number of asset objects unloaded after import = 2
========================================================================
Received Import Request.
  Time since last request: 0.000683 seconds.
  path: Assets/Scenes/ProjetFinal/Lightmap-12_comp_dir.png
  artifactKey: Guid(b53cc4c30d18dcb49af67fb7c845ce3d) Importer(815301076,1909f56bfc062723c751e8b465ee728b)
Start importing Assets/Scenes/ProjetFinal/Lightmap-12_comp_dir.png using Guid(b53cc4c30d18dcb49af67fb7c845ce3d) Importer(815301076,1909f56bfc062723c751e8b465ee728b)  -> (artifact id: '9a5da341dd441ca43d566112135eea8a') in 0.170865 seconds
Number of updated asset objects reloaded before import = 0
Number of asset objects unloaded after import = 2
========================================================================
Received Import Request.
  Time since last request: 0.008812 seconds.
  path: Assets/Scenes/ProjetFinal/Lightmap-7_comp_dir.png
  artifactKey: Guid(b8cf3d3cd031eb34ea28ad882d43e109) Importer(815301076,1909f56bfc062723c751e8b465ee728b)
Start importing Assets/Scenes/ProjetFinal/Lightmap-7_comp_dir.png using Guid(b8cf3d3cd031eb34ea28ad882d43e109) Importer(815301076,1909f56bfc062723c751e8b465ee728b)  -> (artifact id: '3528744ff35d139294c556e3ed4e11a2') in 0.861980 seconds
Number of updated asset objects reloaded before import = 0
Number of asset objects unloaded after import = 2
Editor requested this worker to shutdown with reason: Scaling down because of idle timeout
TcpMessagingSession - receive error
AssetImportWorkerClient::OnTransportError - code=2 error=End of file
AssetImportWorker is now disconnected from the server
Process exiting
Exiting without the bug reporter. Application will terminate with return code 0