Using pre-set license
Built from '2022.3/staging' branch; Version is '2022.3.19f1 (244b723c30a6) revision 2378610'; Using compiler version '192829333'; Build Type 'Release'
OS: 'Windows 11  (10.0.22631) 64bit Core' Language: 'fr' Physical Memory: 7886 MB
BatchMode: 1, IsHumanControllingUs: 0, StartBugReporterOnCrash: 0, Is64bit: 1, IsPro: 1

COMMAND LINE ARGUMENTS:
C:\Program Files\Unity\Hub\Editor\2022.3.19f1\Editor\Unity.exe
-adb2
-batchMode
-noUpm
-name
AssetImportWorker0
-projectPath
C:/Users/Yanis/OneDrive/Bureau/MMI/MMI S5-S6/Dispositifs interactifs (WR507D)/ExoTP1VR
-logFile
Logs/AssetImportWorker0.log
-srvPort
57089
Successfully changed project path to: C:/Users/Yanis/OneDrive/Bureau/MMI/MMI S5-S6/Dispositifs interactifs (WR507D)/ExoTP1VR
C:/Users/Yanis/OneDrive/Bureau/MMI/MMI S5-S6/Dispositifs interactifs (WR507D)/ExoTP1VR
[UnityMemory] Configuration Parameters - Can be set up in boot.config
    "memorysetup-bucket-allocator-granularity=16"
    "memorysetup-bucket-allocator-bucket-count=8"
    "memorysetup-bucket-allocator-block-size=33554432"
    "memorysetup-bucket-allocator-block-count=8"
    "memorysetup-main-allocator-block-size=16777216"
    "memorysetup-thread-allocator-block-size=16777216"
    "memorysetup-gfx-main-allocator-block-size=16777216"
    "memorysetup-gfx-thread-allocator-block-size=16777216"
    "memorysetup-cache-allocator-block-size=4194304"
    "memorysetup-typetree-allocator-block-size=2097152"
    "memorysetup-profiler-bucket-allocator-granularity=16"
    "memorysetup-profiler-bucket-allocator-bucket-count=8"
    "memorysetup-profiler-bucket-allocator-block-size=33554432"
    "memorysetup-profiler-bucket-allocator-block-count=8"
    "memorysetup-profiler-allocator-block-size=16777216"
    "memorysetup-profiler-editor-allocator-block-size=1048576"
    "memorysetup-temp-allocator-size-main=16777216"
    "memorysetup-job-temp-allocator-block-size=2097152"
    "memorysetup-job-temp-allocator-block-size-background=1048576"
    "memorysetup-job-temp-allocator-reduction-small-platforms=262144"
    "memorysetup-allocator-temp-initial-block-size-main=262144"
    "memorysetup-allocator-temp-initial-block-size-worker=262144"
    "memorysetup-temp-allocator-size-background-worker=32768"
    "memorysetup-temp-allocator-size-job-worker=262144"
    "memorysetup-temp-allocator-size-preload-manager=33554432"
    "memorysetup-temp-allocator-size-nav-mesh-worker=65536"
    "memorysetup-temp-allocator-size-audio-worker=65536"
    "memorysetup-temp-allocator-size-cloud-worker=32768"
    "memorysetup-temp-allocator-size-gi-baking-worker=262144"
    "memorysetup-temp-allocator-size-gfx=262144"
Player connection [14988] Host "[IP] 172.17.224.1 [Port] 0 [Flags] 2 [Guid] 1805924213 [EditorId] 1805924213 [Version] 1048832 [Id] WindowsEditor(7,LAPTOP-MOIRDAFG) [Debug] 1 [PackageName] WindowsEditor [ProjectName] Editor" joined multi-casting on [225.0.0.222:54997]...

Player connection [14988] Host "[IP] 172.17.224.1 [Port] 0 [Flags] 2 [Guid] 1805924213 [EditorId] 1805924213 [Version] 1048832 [Id] WindowsEditor(7,LAPTOP-MOIRDAFG) [Debug] 1 [PackageName] WindowsEditor [ProjectName] Editor" joined alternative multi-casting on [225.0.0.222:34997]...

[Physics::Module] Initialized MultithreadedJobDispatcher with 3 workers.
Refreshing native plugins compatible for Editor in 1082.54 ms, found 13 plugins.
Preloading 1 native plugins for Editor in 54.90 ms.
Initialize engine version: 2022.3.19f1 (244b723c30a6)
[Subsystems] Discovering subsystems at path C:/Program Files/Unity/Hub/Editor/2022.3.19f1/Editor/Data/Resources/UnitySubsystems
[Subsystems] Discovering subsystems at path C:/Users/Yanis/OneDrive/Bureau/MMI/MMI S5-S6/Dispositifs interactifs (WR507D)/ExoTP1VR/Assets
GfxDevice: creating device client; threaded=0; jobified=0
Direct3D:
    Version:  Direct3D 11.0 [level 11.1]
    Renderer: Intel(R) UHD Graphics (ID=0x9a78)
    Vendor:   Intel
    VRAM:     3943 MB
    Driver:   31.0.101.4255
Initialize mono
Mono path[0] = 'C:/Program Files/Unity/Hub/Editor/2022.3.19f1/Editor/Data/Managed'
Mono path[1] = 'C:/Program Files/Unity/Hub/Editor/2022.3.19f1/Editor/Data/MonoBleedingEdge/lib/mono/unityjit-win32'
Mono config path = 'C:/Program Files/Unity/Hub/Editor/2022.3.19f1/Editor/Data/MonoBleedingEdge/etc'
Using monoOptions --debugger-agent=transport=dt_socket,embedding=1,server=y,suspend=n,address=127.0.0.1:56768
Begin MonoManager ReloadAssembly
Registering precompiled unity dll's ...
Register platform support module: C:/Program Files/Unity/Hub/Editor/2022.3.19f1/Editor/Data/PlaybackEngines/WebGLSupport/UnityEditor.WebGL.Extensions.dll
Register platform support module: C:/Program Files/Unity/Hub/Editor/2022.3.19f1/Editor/Data/PlaybackEngines/MacStandaloneSupport/UnityEditor.OSXStandalone.Extensions.dll
Register platform support module: C:/Program Files/Unity/Hub/Editor/2022.3.19f1/Editor/Data/PlaybackEngines/AndroidPlayer/UnityEditor.Android.Extensions.dll
Register platform support module: C:/Program Files/Unity/Hub/Editor/2022.3.19f1/Editor/Data/PlaybackEngines/WindowsStandaloneSupport/UnityEditor.WindowsStandalone.Extensions.dll
Registered in 0.549176 seconds.
- Loaded All Assemblies, in 17.014 seconds
Native extension for WindowsStandalone target not found
Native extension for Android target not found
Android Extension - Scanning For ADB Devices 8124 ms
Native extension for OSXStandalone target not found
Native extension for WebGL target not found
Mono: successfully reloaded assembly
- Finished resetting the current domain, in 14.086 seconds
Domain Reload Profiling: 31001ms
	BeginReloadAssembly (2305ms)
		ExecutionOrderSort (0ms)
		DisableScriptedObjects (0ms)
		BackupInstance (0ms)
		ReleaseScriptingObjects (0ms)
		CreateAndSetChildDomain (5ms)
	RebuildCommonClasses (727ms)
	RebuildNativeTypeToScriptingClass (1180ms)
	initialDomainReloadingComplete (2092ms)
	LoadAllAssembliesAndSetupDomain (10607ms)
		LoadAssemblies (2637ms)
		RebuildTransferFunctionScriptingTraits (0ms)
		AnalyzeDomain (10244ms)
			TypeCache.Refresh (10232ms)
				TypeCache.ScanAssembly (9929ms)
			ScanForSourceGeneratedMonoScriptInfo (2ms)
			ResolveRequiredComponents (2ms)
	FinalizeReload (14089ms)
		ReleaseScriptCaches (0ms)
		RebuildScriptCaches (0ms)
		SetupLoadedEditorAssemblies (13235ms)
			LogAssemblyErrors (0ms)
			InitializePlatformSupportModulesInManaged (10027ms)
			SetLoadedEditorAssemblies (117ms)
			RefreshPlugins (0ms)
			BeforeProcessingInitializeOnLoad (17ms)
			ProcessInitializeOnLoadAttributes (2195ms)
			ProcessInitializeOnLoadMethodAttributes (879ms)
			AfterProcessingInitializeOnLoad (0ms)
			EditorAssembliesLoaded (1ms)
		ExecutionOrderSort2 (0ms)
		AwakeInstancesAfterBackupRestoration (0ms)
========================================================================
Worker process is ready to serve import requests
Begin MonoManager ReloadAssembly
- Loaded All Assemblies, in 26.260 seconds
Refreshing native plugins compatible for Editor in 565.56 ms, found 13 plugins.
Native extension for WindowsStandalone target not found
Native extension for Android target not found
Native extension for OSXStandalone target not found
Native extension for WebGL target not found
Package Manager log level set to [2]
[Package Manager] Server::EnsureServerProcessIsRunning -- launch failed, reason: Unity was launched with the -noUpm command-line argument
[Package Manager] UpmClient::Send -- Unable to send message (not connected to UPM process).
[Package Manager] Cannot connect to Unity Package Manager local server
[Package Manager] Server::EnsureServerProcessIsRunning -- launch failed, reason: Unity was launched with the -noUpm command-line argument
[Package Manager] UpmClient::Send -- Unable to send message (not connected to UPM process).
[Package Manager] Cannot connect to Unity Package Manager local server
System.Reflection.TargetInvocationException: Exception has been thrown by the target of an invocation. ---> System.NullReferenceException: Object reference not set to an instance of an object
  at Unity.XR.Oculus.OculusLoader.AssetPathToAbsolutePath (System.String assetPath) [0x0003d] in .\Library\PackageCache\com.unity.xr.oculus@4.2.0\Runtime\OculusLoader.cs:298 
  at Unity.XR.Oculus.OculusLoader.EditorLoadOVRPlugin () [0x0008c] in .\Library\PackageCache\com.unity.xr.oculus@4.2.0\Runtime\OculusLoader.cs:283 
  at (wrapper managed-to-native) System.Reflection.RuntimeMethodInfo.InternalInvoke(System.Reflection.RuntimeMethodInfo,object,object[],System.Exception&)
  at System.Reflection.RuntimeMethodInfo.Invoke (System.Object obj, System.Reflection.BindingFlags invokeAttr, System.Reflection.Binder binder, System.Object[] parameters, System.Globalization.CultureInfo culture) [0x0006a] in <bfbc89a04b6b4dd49c3614d03fc31ce8>:0 
   --- End of inner exception stack trace ---
  at System.Reflection.RuntimeMethodInfo.Invoke (System.Object obj, System.Reflection.BindingFlags invokeAttr, System.Reflection.Binder binder, System.Object[] parameters, System.Globalization.CultureInfo culture) [0x00083] in <bfbc89a04b6b4dd49c3614d03fc31ce8>:0 
  at System.Reflection.MethodBase.Invoke (System.Object obj, System.Object[] parameters) [0x00000] in <bfbc89a04b6b4dd49c3614d03fc31ce8>:0 
  at UnityEditor.EditorAssemblies.ProcessInitializeOnLoadMethodAttributes () [0x000a5] in <2acbecbc299e4654adc94df891af51f2>:0 
UnityEngine.StackTraceUtility:ExtractStackTrace ()
UnityEngine.DebugLogHandler:LogFormat (UnityEngine.LogType,UnityEngine.Object,string,object[])
UnityEngine.Logger:Log (UnityEngine.LogType,object)
UnityEngine.Debug:LogError (object)
UnityEditor.EditorAssemblies:ProcessInitializeOnLoadMethodAttributes ()

Mono: successfully reloaded assembly
[Package Manager] Server::EnsureServerProcessIsRunning -- launch failed, reason: Unity was launched with the -noUpm command-line argument
[Package Manager] UpmClient::Send -- Unable to send message (not connected to UPM process).
[Package Manager] Cannot connect to Unity Package Manager local server
[Package Manager] Server::EnsureServerProcessIsRunning -- launch failed, reason: Unity was launched with the -noUpm command-line argument
[Package Manager] UpmClient::Send -- Unable to send message (not connected to UPM process).
[Package Manager] Cannot connect to Unity Package Manager local server
- Finished resetting the current domain, in 19.134 seconds
Domain Reload Profiling: 45235ms
	BeginReloadAssembly (7236ms)
		ExecutionOrderSort (4ms)
		DisableScriptedObjects (80ms)
		BackupInstance (0ms)
		ReleaseScriptingObjects (7ms)
		CreateAndSetChildDomain (236ms)
	RebuildCommonClasses (1081ms)
	RebuildNativeTypeToScriptingClass (187ms)
	initialDomainReloadingComplete (791ms)
	LoadAllAssembliesAndSetupDomain (16803ms)
		LoadAssemblies (12912ms)
		RebuildTransferFunctionScriptingTraits (0ms)
		AnalyzeDomain (7992ms)
			TypeCache.Refresh (7029ms)
				TypeCache.ScanAssembly (6592ms)
			ScanForSourceGeneratedMonoScriptInfo (737ms)
			ResolveRequiredComponents (221ms)
	FinalizeReload (19138ms)
		ReleaseScriptCaches (0ms)
		RebuildScriptCaches (0ms)
		SetupLoadedEditorAssemblies (14438ms)
			LogAssemblyErrors (0ms)
			InitializePlatformSupportModulesInManaged (820ms)
			SetLoadedEditorAssemblies (41ms)
			RefreshPlugins (0ms)
			BeforeProcessingInitializeOnLoad (1420ms)
			ProcessInitializeOnLoadAttributes (9994ms)
			ProcessInitializeOnLoadMethodAttributes (2050ms)
			AfterProcessingInitializeOnLoad (101ms)
			EditorAssembliesLoaded (12ms)
		ExecutionOrderSort2 (0ms)
		AwakeInstancesAfterBackupRestoration (40ms)
Launched and connected shader compiler UnityShaderCompiler.exe after 0.79 seconds
Refreshing native plugins compatible for Editor in 3607.87 ms, found 13 plugins.
Preloading 1 native plugins for Editor in 3.33 ms.
Unloading 6237 Unused Serialized files (Serialized files now loaded: 0)
Unloading 113 unused Assets / (408.4 KB). Loaded Objects now: 6709.
Memory consumption went from 242.1 MB to 241.7 MB.
Total: 151.961900 ms (FindLiveObjects: 3.649800 ms CreateObjectMapping: 6.093200 ms MarkObjects: 118.664500 ms  DeleteObjects: 23.548500 ms)

AssetImportParameters requested are different than current active one (requested -> active):
  custom:container-demuxer-ogg: 62fdf1f143b41e24485cea50d1cbac27 -> 
  custom:video-decoder-ogg-theora: a1e56fd34408186e4bbccfd4996cb3dc -> 
  custom:framework-win-MediaFoundation: 216162199b28c13a410421893ffa2e32 -> 
  custom:CustomObjectIndexerAttribute: 62b5816608c3102f162a1797e29626cf -> 
  custom:container-demuxer-webm: 4f35f7cbe854078d1ac9338744f61a02 -> 
  custom:container-muxer-webm: aa71ff27fc2769a1b78a27578f13a17b -> 
  custom:video-decoder-webm-vp8: 9c59270c3fd7afecdb556c50c9e8de78 -> 
  custom:SearchIndexIgnoredProperties: e643bd26f0fe6173181afceb89e7c659 -> 
  custom:AudioImporter_EditorPlatform: d09bf68614088b80899f8185d706f6e7 -> 
  custom:video-encoder-webm-vp8: eb34c28f22e8b96e1ab97ce403110664 -> 
  custom:audio-decoder-ogg-vorbis: bf7c407c2cedff20999df2af8eb42d56 -> 
  custom:audio-encoder-webm-vorbis: bf7c407c2cedff20999df2af8eb42d56 -> 
========================================================================
Received Import Request.
  Time since last request: 4586.748090 seconds.
  path: Assets/Scenes/ProjetFinal/Lightmap-11_comp_light.exr
  artifactKey: Guid(8354f0f41528ea64d9cfb16b5ce30f63) Importer(815301076,1909f56bfc062723c751e8b465ee728b)
Start importing Assets/Scenes/ProjetFinal/Lightmap-11_comp_light.exr using Guid(8354f0f41528ea64d9cfb16b5ce30f63) Importer(815301076,1909f56bfc062723c751e8b465ee728b)  -> (artifact id: 'c43780d02c3e406a1e0bc6062a91687f') in 2.967965 seconds
Number of updated asset objects reloaded before import = 0
Number of asset objects unloaded after import = 2
========================================================================
Received Import Request.
  Time since last request: 0.010674 seconds.
  path: Assets/Scenes/ProjetFinal/Lightmap-5_comp_light.exr
  artifactKey: Guid(f717c3a046f143f44a229ba74290b725) Importer(815301076,1909f56bfc062723c751e8b465ee728b)
Start importing Assets/Scenes/ProjetFinal/Lightmap-5_comp_light.exr using Guid(f717c3a046f143f44a229ba74290b725) Importer(815301076,1909f56bfc062723c751e8b465ee728b)  -> (artifact id: 'd71b63523c223ad1a148c290a59efe32') in 0.779805 seconds
Number of updated asset objects reloaded before import = 0
Number of asset objects unloaded after import = 2
========================================================================
Received Import Request.
  Time since last request: 0.014104 seconds.
  path: Assets/Scenes/ProjetFinal/Lightmap-8_comp_light.exr
  artifactKey: Guid(83d9b2ee7d58cda4db1dcfe66deeb0cb) Importer(815301076,1909f56bfc062723c751e8b465ee728b)
Start importing Assets/Scenes/ProjetFinal/Lightmap-8_comp_light.exr using Guid(83d9b2ee7d58cda4db1dcfe66deeb0cb) Importer(815301076,1909f56bfc062723c751e8b465ee728b)  -> (artifact id: '9c30c1da49635f3a872710e412860364') in 1.623651 seconds
Number of updated asset objects reloaded before import = 0
Number of asset objects unloaded after import = 2
========================================================================
Received Import Request.
  Time since last request: 0.008818 seconds.
  path: Assets/Scenes/ProjetFinal/Lightmap-10_comp_light.exr
  artifactKey: Guid(2653c64a79864d1469280f8779f402ce) Importer(815301076,1909f56bfc062723c751e8b465ee728b)
Start importing Assets/Scenes/ProjetFinal/Lightmap-10_comp_light.exr using Guid(2653c64a79864d1469280f8779f402ce) Importer(815301076,1909f56bfc062723c751e8b465ee728b)  -> (artifact id: '11272d71e064ff428d0e3aab4b7a8274') in 9.994258 seconds
Number of updated asset objects reloaded before import = 0
Number of asset objects unloaded after import = 2
========================================================================
Received Import Request.
  Time since last request: 3.153463 seconds.
  path: Assets/Scenes/ProjetFinal/Lightmap-4_comp_dir.png
  artifactKey: Guid(453f0a18341011843aad3b201cbb749f) Importer(815301076,1909f56bfc062723c751e8b465ee728b)
Start importing Assets/Scenes/ProjetFinal/Lightmap-4_comp_dir.png using Guid(453f0a18341011843aad3b201cbb749f) Importer(815301076,1909f56bfc062723c751e8b465ee728b)  -> (artifact id: '2317300cdf6927bb3136afa4b991d6c3') in 0.561433 seconds
Number of updated asset objects reloaded before import = 0
Number of asset objects unloaded after import = 2
========================================================================
Received Import Request.
  Time since last request: 0.000058 seconds.
  path: Assets/Scenes/ProjetFinal/Lightmap-6_comp_dir.png
  artifactKey: Guid(ece66413591d7744181635c1e6fbad01) Importer(815301076,1909f56bfc062723c751e8b465ee728b)
Start importing Assets/Scenes/ProjetFinal/Lightmap-6_comp_dir.png using Guid(ece66413591d7744181635c1e6fbad01) Importer(815301076,1909f56bfc062723c751e8b465ee728b)  -> (artifact id: '6529eb2772c3fb8eb3111f3a49f44678') in 0.322087 seconds
Number of updated asset objects reloaded before import = 0
Number of asset objects unloaded after import = 2
========================================================================
Received Import Request.
  Time since last request: 0.007617 seconds.
  path: Assets/Scenes/ProjetFinal/Lightmap-0_comp_dir.png
  artifactKey: Guid(42ec93e30ff5f7745a76e9c09f2c0b4c) Importer(815301076,1909f56bfc062723c751e8b465ee728b)
Start importing Assets/Scenes/ProjetFinal/Lightmap-0_comp_dir.png using Guid(42ec93e30ff5f7745a76e9c09f2c0b4c) Importer(815301076,1909f56bfc062723c751e8b465ee728b)  -> (artifact id: '3e2e1dcccafda07b04e51af247163a5e') in 3.561817 seconds
Number of updated asset objects reloaded before import = 0
Number of asset objects unloaded after import = 2
========================================================================
Received Import Request.
  Time since last request: 0.002240 seconds.
  path: Assets/Scenes/ProjetFinal/Lightmap-9_comp_light.exr
  artifactKey: Guid(26c7b5448ec39ae478e7e81515da2a14) Importer(815301076,1909f56bfc062723c751e8b465ee728b)
Start importing Assets/Scenes/ProjetFinal/Lightmap-9_comp_light.exr using Guid(26c7b5448ec39ae478e7e81515da2a14) Importer(815301076,1909f56bfc062723c751e8b465ee728b)  -> (artifact id: 'f3c31ff1265b22b7b3144c12392868d7') in 0.516696 seconds
Number of updated asset objects reloaded before import = 0
Number of asset objects unloaded after import = 2
========================================================================
Received Import Request.
  Time since last request: 0.011742 seconds.
  path: Assets/Scenes/ProjetFinal/Lightmap-6_comp_light.exr
  artifactKey: Guid(0e33e607760154142be53341aa81d34d) Importer(815301076,1909f56bfc062723c751e8b465ee728b)
Start importing Assets/Scenes/ProjetFinal/Lightmap-6_comp_light.exr using Guid(0e33e607760154142be53341aa81d34d) Importer(815301076,1909f56bfc062723c751e8b465ee728b)  -> (artifact id: '6740fc3a9b65162988adf4ca8b1cc442') in 0.447404 seconds
Number of updated asset objects reloaded before import = 0
Number of asset objects unloaded after import = 2
========================================================================
Received Prepare
Refreshing native plugins compatible for Editor in 98.36 ms, found 13 plugins.
Preloading 1 native plugins for Editor in 0.22 ms.
Unloading 2 Unused Serialized files (Serialized files now loaded: 0)
Unloading 2 unused Assets / (328.6 KB). Loaded Objects now: 6714.
Memory consumption went from 117.3 MB to 117.0 MB.
Total: 230.694400 ms (FindLiveObjects: 8.942100 ms CreateObjectMapping: 0.830400 ms MarkObjects: 215.428400 ms  DeleteObjects: 5.485700 ms)

Prepare: number of updated asset objects reloaded= 0
AssetImportParameters requested are different than current active one (requested -> active):
  custom:container-demuxer-ogg: 62fdf1f143b41e24485cea50d1cbac27 -> 
  custom:video-decoder-ogg-theora: a1e56fd34408186e4bbccfd4996cb3dc -> 
  custom:framework-win-MediaFoundation: 216162199b28c13a410421893ffa2e32 -> 
  custom:CustomObjectIndexerAttribute: 62b5816608c3102f162a1797e29626cf -> 
  custom:container-demuxer-webm: 4f35f7cbe854078d1ac9338744f61a02 -> 
  custom:container-muxer-webm: aa71ff27fc2769a1b78a27578f13a17b -> 
  custom:video-decoder-webm-vp8: 9c59270c3fd7afecdb556c50c9e8de78 -> 
  custom:SearchIndexIgnoredProperties: e643bd26f0fe6173181afceb89e7c659 -> 
  custom:AudioImporter_EditorPlatform: d09bf68614088b80899f8185d706f6e7 -> 
  custom:video-encoder-webm-vp8: eb34c28f22e8b96e1ab97ce403110664 -> 
  custom:audio-decoder-ogg-vorbis: bf7c407c2cedff20999df2af8eb42d56 -> 
  custom:audio-encoder-webm-vorbis: bf7c407c2cedff20999df2af8eb42d56 -> 
========================================================================
Received Import Request.
  Time since last request: 1540.305830 seconds.
  path: Assets/Materials/light/textures/haging light_hanging light_Emission.png
  artifactKey: Guid(b123e0913b5828b4db17fe6c1966783d) Importer(815301076,1909f56bfc062723c751e8b465ee728b)
Start importing Assets/Materials/light/textures/haging light_hanging light_Emission.png using Guid(b123e0913b5828b4db17fe6c1966783d) Importer(815301076,1909f56bfc062723c751e8b465ee728b)  -> (artifact id: '499facdb1d0a51c64bbcd6586fc169f7') in 2.459329 seconds
Number of updated asset objects reloaded before import = 0
Number of asset objects unloaded after import = 2
========================================================================
Received Import Request.
  Time since last request: 2.082341 seconds.
  path: Assets/Materials/light/source/haging light1.fbx
  artifactKey: Guid(4ea61df034467544480c160575957960) Importer(815301076,1909f56bfc062723c751e8b465ee728b)
Start importing Assets/Materials/light/source/haging light1.fbx using Guid(4ea61df034467544480c160575957960) Importer(815301076,1909f56bfc062723c751e8b465ee728b)  -> (artifact id: '64083c87a27d9c265f9377e9817e6552') in 10.216383 seconds
Number of updated asset objects reloaded before import = 0
Number of asset objects unloaded after import = 66
========================================================================
Received Import Request.
  Time since last request: 487.376300 seconds.
  path: Assets/Materials/light/Materials/haging light_hanging light_MetallicSmoothness.mat
  artifactKey: Guid(84983165674c97541b65f82b33a10d3a) Importer(815301076,1909f56bfc062723c751e8b465ee728b)
Start importing Assets/Materials/light/Materials/haging light_hanging light_MetallicSmoothness.mat using Guid(84983165674c97541b65f82b33a10d3a) Importer(815301076,1909f56bfc062723c751e8b465ee728b)  -> (artifact id: 'd640ba6c85bf0daefe35c38e005da68d') in 1.357182 seconds
Number of updated asset objects reloaded before import = 0
Number of asset objects unloaded after import = 3
========================================================================
Received Import Request.
  Time since last request: 5837.769041 seconds.
  path: Assets/Scenes/ProjetFinal/Lightmap-0_comp_dir.png
  artifactKey: Guid(42ec93e30ff5f7745a76e9c09f2c0b4c) Importer(815301076,1909f56bfc062723c751e8b465ee728b)
Start importing Assets/Scenes/ProjetFinal/Lightmap-0_comp_dir.png using Guid(42ec93e30ff5f7745a76e9c09f2c0b4c) Importer(815301076,1909f56bfc062723c751e8b465ee728b)  -> (artifact id: '3eb88e09706204caf7acbaf0b19ef995') in 25.759895 seconds
Number of updated asset objects reloaded before import = 0
Number of asset objects unloaded after import = 2
========================================================================
Received Import Request.
  Time since last request: 0.008715 seconds.
  path: Assets/Scenes/ProjetFinal/Lightmap-11_comp_light.exr
  artifactKey: Guid(8354f0f41528ea64d9cfb16b5ce30f63) Importer(815301076,1909f56bfc062723c751e8b465ee728b)
Start importing Assets/Scenes/ProjetFinal/Lightmap-11_comp_light.exr using Guid(8354f0f41528ea64d9cfb16b5ce30f63) Importer(815301076,1909f56bfc062723c751e8b465ee728b)  -> (artifact id: 'a1e8441cda999ac993acc76acdc86446') in 2.953597 seconds
Number of updated asset objects reloaded before import = 0
Number of asset objects unloaded after import = 2
========================================================================
Received Import Request.
  Time since last request: 1.971811 seconds.
  path: Assets/Scenes/ProjetFinal/Lightmap-5_comp_light.exr
  artifactKey: Guid(f717c3a046f143f44a229ba74290b725) Importer(815301076,1909f56bfc062723c751e8b465ee728b)
Start importing Assets/Scenes/ProjetFinal/Lightmap-5_comp_light.exr using Guid(f717c3a046f143f44a229ba74290b725) Importer(815301076,1909f56bfc062723c751e8b465ee728b)  -> (artifact id: '39153cb840491d83c092600ade5eb6d2') in 6.282312 seconds
Number of updated asset objects reloaded before import = 0
Number of asset objects unloaded after import = 2
========================================================================
Received Import Request.
  Time since last request: 0.039076 seconds.
  path: Assets/Scenes/ProjetFinal/Lightmap-3_comp_dir.png
  artifactKey: Guid(9684ecc785b1773478d3e4752224e538) Importer(815301076,1909f56bfc062723c751e8b465ee728b)
Start importing Assets/Scenes/ProjetFinal/Lightmap-3_comp_dir.png using Guid(9684ecc785b1773478d3e4752224e538) Importer(815301076,1909f56bfc062723c751e8b465ee728b)  -> (artifact id: '86a9c638709e51e2f97c6f7428f55b4c') in 20.584477 seconds
Number of updated asset objects reloaded before import = 0
Number of asset objects unloaded after import = 2
========================================================================
Received Import Request.
  Time since last request: 0.596638 seconds.
  path: Assets/Scenes/ProjetFinal/Lightmap-10_comp_light.exr
  artifactKey: Guid(2653c64a79864d1469280f8779f402ce) Importer(815301076,1909f56bfc062723c751e8b465ee728b)
Start importing Assets/Scenes/ProjetFinal/Lightmap-10_comp_light.exr using Guid(2653c64a79864d1469280f8779f402ce) Importer(815301076,1909f56bfc062723c751e8b465ee728b)  -> (artifact id: '614d250c4addb6f8c9fae44cff8f6d54') in 4.796418 seconds
Number of updated asset objects reloaded before import = 0
Number of asset objects unloaded after import = 2
========================================================================
Received Import Request.
  Time since last request: 0.195336 seconds.
  path: Assets/Scenes/ProjetFinal/Lightmap-8_comp_dir.png
  artifactKey: Guid(95e1ffc0af59d5240ba9b5d65243ae29) Importer(815301076,1909f56bfc062723c751e8b465ee728b)
Start importing Assets/Scenes/ProjetFinal/Lightmap-8_comp_dir.png using Guid(95e1ffc0af59d5240ba9b5d65243ae29) Importer(815301076,1909f56bfc062723c751e8b465ee728b)  -> (artifact id: '9ee46dda3379f17e93d01c2b347f1596') in 28.222739 seconds
Number of updated asset objects reloaded before import = 0
Number of asset objects unloaded after import = 2
========================================================================
Received Import Request.
  Time since last request: 0.303581 seconds.
  path: Assets/Scenes/ProjetFinal/Lightmap-4_comp_dir.png
  artifactKey: Guid(453f0a18341011843aad3b201cbb749f) Importer(815301076,1909f56bfc062723c751e8b465ee728b)
Start importing Assets/Scenes/ProjetFinal/Lightmap-4_comp_dir.png using Guid(453f0a18341011843aad3b201cbb749f) Importer(815301076,1909f56bfc062723c751e8b465ee728b)  -> (artifact id: 'cee5155b5d5b659d24920da79712c63c') in 4.041707 seconds
Number of updated asset objects reloaded before import = 0
Number of asset objects unloaded after import = 2
========================================================================
Received Import Request.
  Time since last request: 0.003077 seconds.
  path: Assets/Scenes/ProjetFinal/Lightmap-7_comp_light.exr
  artifactKey: Guid(8c9b4173a8099a7489b0297d706aca38) Importer(815301076,1909f56bfc062723c751e8b465ee728b)
Start importing Assets/Scenes/ProjetFinal/Lightmap-7_comp_light.exr using Guid(8c9b4173a8099a7489b0297d706aca38) Importer(815301076,1909f56bfc062723c751e8b465ee728b)  -> (artifact id: '2c3f441b1bdf11fac700458a7b84da2f') in 0.274951 seconds
Number of updated asset objects reloaded before import = 0
Number of asset objects unloaded after import = 2
========================================================================
Received Import Request.
  Time since last request: 0.000399 seconds.
  path: Assets/Scenes/ProjetFinal/Lightmap-1_comp_dir.png
  artifactKey: Guid(088a563779e877b4aa08164b6d413d2c) Importer(815301076,1909f56bfc062723c751e8b465ee728b)
Start importing Assets/Scenes/ProjetFinal/Lightmap-1_comp_dir.png using Guid(088a563779e877b4aa08164b6d413d2c) Importer(815301076,1909f56bfc062723c751e8b465ee728b)  -> (artifact id: 'eb0d718d19a2ee4b4277f137a2362f53') in 0.366164 seconds
Number of updated asset objects reloaded before import = 0
Number of asset objects unloaded after import = 2
========================================================================
Received Import Request.
  Time since last request: 0.000723 seconds.
  path: Assets/Scenes/ProjetFinal/Lightmap-4_comp_light.exr
  artifactKey: Guid(a036019376a9bfa499308416e0dbc398) Importer(815301076,1909f56bfc062723c751e8b465ee728b)
Start importing Assets/Scenes/ProjetFinal/Lightmap-4_comp_light.exr using Guid(a036019376a9bfa499308416e0dbc398) Importer(815301076,1909f56bfc062723c751e8b465ee728b)  -> (artifact id: 'e1d7f43dd21c5534447eadc17ec33f6e') in 0.124776 seconds
Number of updated asset objects reloaded before import = 0
Number of asset objects unloaded after import = 2
========================================================================
Received Import Request.
  Time since last request: 0.002843 seconds.
  path: Assets/Scenes/ProjetFinal/Lightmap-9_comp_dir.png
  artifactKey: Guid(695ef2da45d0fb649a6e08c8baf68ce5) Importer(815301076,1909f56bfc062723c751e8b465ee728b)
Start importing Assets/Scenes/ProjetFinal/Lightmap-9_comp_dir.png using Guid(695ef2da45d0fb649a6e08c8baf68ce5) Importer(815301076,1909f56bfc062723c751e8b465ee728b)  -> (artifact id: '911d46db90cacd3092e6a670fb78bd55') in 1.850344 seconds
Number of updated asset objects reloaded before import = 0
Number of asset objects unloaded after import = 2
========================================================================
Received Import Request.
  Time since last request: 0.000109 seconds.
  path: Assets/Scenes/ProjetFinal/Lightmap-6_comp_light.exr
  artifactKey: Guid(0e33e607760154142be53341aa81d34d) Importer(815301076,1909f56bfc062723c751e8b465ee728b)
Start importing Assets/Scenes/ProjetFinal/Lightmap-6_comp_light.exr using Guid(0e33e607760154142be53341aa81d34d) Importer(815301076,1909f56bfc062723c751e8b465ee728b)  -> (artifact id: '1d97b2a562efbf74c713db77f8e45b8a') in 0.319504 seconds
Number of updated asset objects reloaded before import = 0
Number of asset objects unloaded after import = 2
Editor requested this worker to shutdown with reason: Scaling down because of idle timeout
TcpMessagingSession - receive error: operation aborted. errorcode: 995, details: L’opération d’entrée/sortie a été abandonnée en raison de l’arrêt d’un thread ou à la demande d’une application.
AssetImportWorker is now disconnected from the server
Process exiting
Exiting without the bug reporter. Application will terminate with return code 0